0 info it worked if it ends with ok
1 verbose cli [ 'D:\\Program Files\\nodejs\\node.exe',
1 verbose cli   'D:\\Program Files\\nodejs\\node_modules\\npm\\bin\\npm-cli.js',
1 verbose cli   'run',
1 verbose cli   'start',
1 verbose cli   '--scripts-prepend-node-path=auto' ]
2 info using npm@3.10.8
3 info using node@v6.9.1
4 verbose run-script [ 'prestart', 'start', 'poststart' ]
5 info lifecycle react_example@1.0.0~prestart: react_example@1.0.0
6 silly lifecycle react_example@1.0.0~prestart: no script for prestart, continuing
7 info lifecycle react_example@1.0.0~start: react_example@1.0.0
8 verbose lifecycle react_example@1.0.0~start: unsafe-perm in lifecycle true
9 verbose lifecycle react_example@1.0.0~start: PATH: D:\Program Files\nodejs\node_modules\npm\bin\node-gyp-bin;F:\CSS3\css3-animate\node_modules\.bin;C:\Windows\system32;C:\Windows;C:\Windows\System32\Wbem;C:\Windows\System32\WindowsPowerShell\v1.0\;D:\Program Files\Git\bin;D:\Program Files\Git\libexec\git-core;D:\Program Files\Java\jdk1.8.0_71\bin;D:\Program Files\Java\jdk1.8.0_71\jre\bin;D:\Program Files\Sublime Text 3\less\bin\node_modules;D:\Program Files\Sublime Text 3\less\bin\node_modules\less\bin;D:\Program Files\nodejs\;D:\Program Files\Sublime Text 3\less\bin\node_modules;C:\Users\Administrator\AppData\Roaming\npm;F:\Microsoft VS Code\bin
10 verbose lifecycle react_example@1.0.0~start: CWD: F:\CSS3\css3-animate
11 silly lifecycle react_example@1.0.0~start: Args: [ '/d /s /c', 'set NODE_ENV=development&&node devServer.js' ]
12 silly lifecycle react_example@1.0.0~start: Returned: code: 1  signal: null
13 info lifecycle react_example@1.0.0~start: Failed to exec start script
14 verbose stack Error: react_example@1.0.0 start: `set NODE_ENV=development&&node devServer.js`
14 verbose stack Exit status 1
14 verbose stack     at EventEmitter.<anonymous> (D:\Program Files\nodejs\node_modules\npm\lib\utils\lifecycle.js:255:16)
14 verbose stack     at emitTwo (events.js:106:13)
14 verbose stack     at EventEmitter.emit (events.js:191:7)
14 verbose stack     at ChildProcess.<anonymous> (D:\Program Files\nodejs\node_modules\npm\lib\utils\spawn.js:40:14)
14 verbose stack     at emitTwo (events.js:106:13)
14 verbose stack     at ChildProcess.emit (events.js:191:7)
14 verbose stack     at maybeClose (internal/child_process.js:877:16)
14 verbose stack     at Process.ChildProcess._handle.onexit (internal/child_process.js:226:5)
15 verbose pkgid react_example@1.0.0
16 verbose cwd F:\CSS3\css3-animate
17 error Windows_NT 6.1.7601
18 error argv "D:\\Program Files\\nodejs\\node.exe" "D:\\Program Files\\nodejs\\node_modules\\npm\\bin\\npm-cli.js" "run" "start" "--scripts-prepend-node-path=auto"
19 error node v6.9.1
20 error npm  v3.10.8
21 error code ELIFECYCLE
22 error react_example@1.0.0 start: `set NODE_ENV=development&&node devServer.js`
22 error Exit status 1
23 error Failed at the react_example@1.0.0 start script 'set NODE_ENV=development&&node devServer.js'.
23 error Make sure you have the latest version of node.js and npm installed.
23 error If you do, this is most likely a problem with the react_example package,
23 error not with npm itself.
23 error Tell the author that this fails on your system:
23 error     set NODE_ENV=development&&node devServer.js
23 error You can get information on how to open an issue for this project with:
23 error     npm bugs react_example
23 error Or if that isn't available, you can get their info via:
23 error     npm owner ls react_example
23 error There is likely additional logging output above.
24 verbose exit [ 1, true ]
